[debug] [2020-04-23T13:36:53.653Z] ----------------------------------------------------------------------
[debug] [2020-04-23T13:36:53.655Z] Command:       /home/radek/.nvm/versions/node/v12.14.1/bin/node /home/radek/.nvm/versions/node/v12.14.1/bin/firebase deploy --only functions
[debug] [2020-04-23T13:36:53.655Z] CLI Version:   8.1.1
[debug] [2020-04-23T13:36:53.655Z] Platform:      linux
[debug] [2020-04-23T13:36:53.655Z] Node Version:  v12.14.1
[debug] [2020-04-23T13:36:53.656Z] Time:          Thu Apr 23 2020 15:36:53 GMT+0200 (Central European Summer Time)
[debug] [2020-04-23T13:36:53.657Z] ----------------------------------------------------------------------
[debug] [2020-04-23T13:36:53.657Z] 
[debug] [2020-04-23T13:36:53.665Z] > command requires scopes: ["email","openid","https://www.googleapis.com/auth/cloudplatformprojects.readonly","https://www.googleapis.com/auth/firebase","https://www.googleapis.com/auth/cloud-platform"]
[debug] [2020-04-23T13:36:53.666Z] > authorizing via signed-in user
[debug] [2020-04-23T13:36:53.666Z] [iam] checking project programming-passion for permissions ["cloudfunctions.functions.create","cloudfunctions.functions.delete","cloudfunctions.functions.get","cloudfunctions.functions.list","cloudfunctions.functions.update","cloudfunctions.operations.get","firebase.projects.get"]
[debug] [2020-04-23T13:36:53.669Z] > refreshing access token with scopes: ["email","https://www.googleapis.com/auth/cloud-platform","https://www.googleapis.com/auth/cloudplatformprojects.readonly","https://www.googleapis.com/auth/firebase","openid"]
[debug] [2020-04-23T13:36:53.669Z] >>> HTTP REQUEST POST https://www.googleapis.com/oauth2/v3/token  
 <request body omitted>
[debug] [2020-04-23T13:36:53.910Z] <<< HTTP RESPONSE 200 {"content-type":"application/json; charset=utf-8","vary":"X-Origin, Referer, Origin,Accept-Encoding","date":"Thu, 23 Apr 2020 13:36:51 GMT","server":"scaffolding on HTTPServer2","cache-control":"private","x-xss-protection":"0","x-frame-options":"SAMEORIGIN","x-content-type-options":"nosniff","alt-svc":"quic=\":443\"; ma=2592000; v=\"46,43\",h3-Q050=\":443\"; ma=2592000,h3-Q049=\":443\"; ma=2592000,h3-Q048=\":443\"; ma=2592000,h3-Q046=\":443\"; ma=2592000,h3-Q043=\":443\"; ma=2592000,h3-T050=\":443\"; ma=2592000","accept-ranges":"none","transfer-encoding":"chunked"}
[debug] [2020-04-23T13:36:53.929Z] >>> HTTP REQUEST POST https://cloudresourcemanager.googleapis.com/v1/projects/programming-passion:testIamPermissions  
 {"permissions":["cloudfunctions.functions.create","cloudfunctions.functions.delete","cloudfunctions.functions.get","cloudfunctions.functions.list","cloudfunctions.functions.update","cloudfunctions.operations.get","firebase.projects.get"]}
[debug] [2020-04-23T13:36:54.256Z] <<< HTTP RESPONSE 200 {"content-type":"application/json; charset=UTF-8","vary":"X-Origin, Referer, Origin,Accept-Encoding","date":"Thu, 23 Apr 2020 13:36:52 GMT","server":"ESF","cache-control":"private","x-xss-protection":"0","x-frame-options":"SAMEORIGIN","x-content-type-options":"nosniff","server-timing":"gfet4t7; dur=142","alt-svc":"quic=\":443\"; ma=2592000; v=\"46,43\",h3-Q050=\":443\"; ma=2592000,h3-Q049=\":443\"; ma=2592000,h3-Q048=\":443\"; ma=2592000,h3-Q046=\":443\"; ma=2592000,h3-Q043=\":443\"; ma=2592000,h3-T050=\":443\"; ma=2592000","accept-ranges":"none","transfer-encoding":"chunked"}
[debug] [2020-04-23T13:36:54.259Z] >>> HTTP REQUEST POST https://iam.googleapis.com/v1/projects/programming-passion/serviceAccounts/programming-passion@appspot.gserviceaccount.com:testIamPermissions  
 {"permissions":["iam.serviceAccounts.actAs"]}
[debug] [2020-04-23T13:36:54.709Z] <<< HTTP RESPONSE 200 {"content-type":"application/json; charset=UTF-8","vary":"X-Origin, Referer, Origin,Accept-Encoding","date":"Thu, 23 Apr 2020 13:36:52 GMT","server":"ESF","cache-control":"private","x-xss-protection":"0","x-frame-options":"SAMEORIGIN","x-content-type-options":"nosniff","alt-svc":"quic=\":443\"; ma=2592000; v=\"46,43\",h3-Q050=\":443\"; ma=2592000,h3-Q049=\":443\"; ma=2592000,h3-Q048=\":443\"; ma=2592000,h3-Q046=\":443\"; ma=2592000,h3-Q043=\":443\"; ma=2592000,h3-T050=\":443\"; ma=2592000","accept-ranges":"none","transfer-encoding":"chunked"}
[info] 
[info] === Deploying to 'programming-passion'...
[info] 
[info] i  deploying functions
[info] Running command: npm --prefix "$RESOURCE_DIR" run lint
[info] ✔  functions: Finished running predeploy script.
[debug] [2020-04-23T13:37:00.640Z] > [functions] package.json contents: {
  "name": "functions",
  "description": "Cloud Functions for Firebase",
  "scripts": {
    "lint": "eslint .",
    "serve": "firebase emulators:start --only functions",
    "shell": "firebase functions:shell",
    "start": "npm run shell",
    "deploy": "firebase deploy --only functions",
    "logs": "firebase functions:log"
  },
  "engines": {
    "node": "8"
  },
  "dependencies": {
    "firebase-admin": "^8.10.0",
    "firebase-functions": "^3.6.0"
  },
  "devDependencies": {
    "eslint": "^5.12.0",
    "eslint-plugin-promise": "^4.0.1",
    "firebase-functions-test": "^0.2.0"
  },
  "private": true
}
[info] i  functions: ensuring required API cloudfunctions.googleapis.com is enabled...
[debug] [2020-04-23T13:37:02.264Z] [functions] runtime dependency check dates: warning: 2020-05-05T00:00:00.000Z error: 2020-06-05T00:00:00.000Z
[debug] [2020-04-23T13:37:02.264Z] >>> HTTP REQUEST GET https://serviceusage.googleapis.com/v1/projects/programming-passion/services/cloudfunctions.googleapis.com  
 
[debug] [2020-04-23T13:37:02.265Z] >>> HTTP REQUEST GET https://serviceusage.googleapis.com/v1/projects/programming-passion/services/runtimeconfig.googleapis.com  
 
[debug] [2020-04-23T13:37:03.288Z] <<< HTTP RESPONSE 200 {"content-type":"application/json; charset=UTF-8","vary":"X-Origin, Referer, Origin,Accept-Encoding","date":"Thu, 23 Apr 2020 13:37:01 GMT","server":"ESF","cache-control":"private","x-xss-protection":"0","x-frame-options":"SAMEORIGIN","x-content-type-options":"nosniff","alt-svc":"quic=\":443\"; ma=2592000; v=\"46,43\",h3-Q050=\":443\"; ma=2592000,h3-Q049=\":443\"; ma=2592000,h3-Q048=\":443\"; ma=2592000,h3-Q046=\":443\"; ma=2592000,h3-Q043=\":443\"; ma=2592000,h3-T050=\":443\"; ma=2592000","accept-ranges":"none","transfer-encoding":"chunked"}
[debug] [2020-04-23T13:37:03.381Z] <<< HTTP RESPONSE 200 {"content-type":"application/json; charset=UTF-8","vary":"X-Origin, Referer, Origin,Accept-Encoding","date":"Thu, 23 Apr 2020 13:37:01 GMT","server":"ESF","cache-control":"private","x-xss-protection":"0","x-frame-options":"SAMEORIGIN","x-content-type-options":"nosniff","alt-svc":"quic=\":443\"; ma=2592000; v=\"46,43\",h3-Q050=\":443\"; ma=2592000,h3-Q049=\":443\"; ma=2592000,h3-Q048=\":443\"; ma=2592000,h3-Q046=\":443\"; ma=2592000,h3-Q043=\":443\"; ma=2592000,h3-T050=\":443\"; ma=2592000","accept-ranges":"none","transfer-encoding":"chunked"}
[info] ✔  functions: required API cloudfunctions.googleapis.com is enabled
[debug] [2020-04-23T13:37:03.383Z] >>> HTTP REQUEST GET https://firebase.googleapis.com/v1beta1/projects/programming-passion/adminSdkConfig  
 
[debug] [2020-04-23T13:37:03.745Z] <<< HTTP RESPONSE 200 {"content-type":"application/json; charset=UTF-8","vary":"X-Origin, Referer, Origin,Accept-Encoding","date":"Thu, 23 Apr 2020 13:37:01 GMT","server":"ESF","cache-control":"private","x-xss-protection":"0","x-frame-options":"SAMEORIGIN","x-content-type-options":"nosniff","alt-svc":"quic=\":443\"; ma=2592000; v=\"46,43\",h3-Q050=\":443\"; ma=2592000,h3-Q049=\":443\"; ma=2592000,h3-Q048=\":443\"; ma=2592000,h3-Q046=\":443\"; ma=2592000,h3-Q043=\":443\"; ma=2592000,h3-T050=\":443\"; ma=2592000","accept-ranges":"none","transfer-encoding":"chunked"}
[info] i  functions: preparing functions directory for uploading...
[debug] [2020-04-23T13:37:03.752Z] >>> HTTP REQUEST GET https://runtimeconfig.googleapis.com/v1beta1/projects/programming-passion/configs  
 
[debug] [2020-04-23T13:37:04.181Z] <<< HTTP RESPONSE 200 {"content-type":"application/json; charset=UTF-8","vary":"X-Origin, Referer, Origin,Accept-Encoding","date":"Thu, 23 Apr 2020 13:37:02 GMT","server":"ESF","cache-control":"private","x-xss-protection":"0","x-frame-options":"SAMEORIGIN","x-content-type-options":"nosniff","alt-svc":"quic=\":443\"; ma=2592000; v=\"46,43\",h3-Q050=\":443\"; ma=2592000,h3-Q049=\":443\"; ma=2592000,h3-Q048=\":443\"; ma=2592000,h3-Q046=\":443\"; ma=2592000,h3-Q043=\":443\"; ma=2592000,h3-T050=\":443\"; ma=2592000","accept-ranges":"none","transfer-encoding":"chunked"}
[info] i  functions: packaged functions (40.56 KB) for uploading
[debug] [2020-04-23T13:37:04.408Z] >>> HTTP REQUEST GET https://cloudfunctions.googleapis.com/v1/projects/programming-passion/locations/-/functions  
 
[debug] [2020-04-23T13:37:04.967Z] <<< HTTP RESPONSE 200 {"content-type":"application/json; charset=UTF-8","vary":"X-Origin, Referer, Origin,Accept-Encoding","date":"Thu, 23 Apr 2020 13:37:03 GMT","server":"ESF","cache-control":"private","x-xss-protection":"0","x-frame-options":"SAMEORIGIN","x-content-type-options":"nosniff","alt-svc":"quic=\":443\"; ma=2592000; v=\"46,43\",h3-Q050=\":443\"; ma=2592000,h3-Q049=\":443\"; ma=2592000,h3-Q048=\":443\"; ma=2592000,h3-Q046=\":443\"; ma=2592000,h3-Q043=\":443\"; ma=2592000,h3-T050=\":443\"; ma=2592000","accept-ranges":"none","transfer-encoding":"chunked"}
[debug] [2020-04-23T13:37:04.976Z] >>> HTTP REQUEST POST https://cloudfunctions.googleapis.com/v1/projects/programming-passion/locations/us-central1/functions:generateUploadUrl  
 
[debug] [2020-04-23T13:37:06.136Z] <<< HTTP RESPONSE 200 {"content-type":"application/json; charset=UTF-8","vary":"X-Origin, Referer, Origin,Accept-Encoding","date":"Thu, 23 Apr 2020 13:37:04 GMT","server":"ESF","cache-control":"private","x-xss-protection":"0","x-frame-options":"SAMEORIGIN","x-content-type-options":"nosniff","alt-svc":"quic=\":443\"; ma=2592000; v=\"46,43\",h3-Q050=\":443\"; ma=2592000,h3-Q049=\":443\"; ma=2592000,h3-Q048=\":443\"; ma=2592000,h3-Q046=\":443\"; ma=2592000,h3-Q043=\":443\"; ma=2592000,h3-T050=\":443\"; ma=2592000","accept-ranges":"none","transfer-encoding":"chunked"}
[debug] [2020-04-23T13:37:06.138Z] >>> HTTP REQUEST PUT https://storage.googleapis.com/gcf-upload-us-central1-9d1f1591-a7ad-4622-a531-85f54dcf29c8/5036954c-23b4-4adf-8048-be262299cc1d.zip?GoogleAccessId=service-30593414768@gcf-admin-robot.iam.gserviceaccount.com&Expires=1587650824&Signature=H2p959aXfFfqmaVyScY35YUa45NcTX8i8qbRWA6grNXoW%2FCddNazZDRYVua0xJ6ImrDnRMWZJHFivR7x0kD33LNzROGWH%2BIv7s%2B6IGk3pV%2B3pkpm2392gauxm5i3ghnFjU%2FRcwcQAuzNStUnaL%2Boi0xzmYgjRIPLrAZ2kArdJiiYyUKvbd%2FwxN7vObCk0ZYN7XZ7khZ1fXlUPW7RoOC6OF%2FzsolVNn8OQFzJcCBIOlQmgD5kVDbGVZgvxLZwCmrcRgzrq0Ojs1usYqkEPIJquv%2FA1jRz6FUWsue5XlbOiCJStB%2BR2yDZYWvCXX8PJzs%2BLP11FFqVnVsBNHDEC3MyZg%3D%3D  
 <request body omitted>
[debug] [2020-04-23T13:37:07.139Z] <<< HTTP RESPONSE 200 {"x-guploader-uploadid":"AAANsUnz2yh_rEbvHUpWUYjdIS5CqgLFscE2JKUybpObq2-Smpok_7_g1uLp_iemA9Uk1Y_l7Hg32NLhdWjsdCRYzA","etag":"\"2fd11685d6b720053a525ac0eefcdfd1\"","x-goog-generation":"1587649025160724","x-goog-metageneration":"1","x-goog-hash":"crc32c=lcyMQQ==, md5=L9EWhda3IAU6UlrA7vzf0Q==","x-goog-stored-content-length":"41533","x-goog-stored-content-encoding":"identity","vary":"Origin","content-length":"0","date":"Thu, 23 Apr 2020 13:37:05 GMT","server":"UploadServer","content-type":"text/html; charset=UTF-8","alt-svc":"quic=\":443\"; ma=2592000; v=\"46,43\",h3-Q050=\":443\"; ma=2592000,h3-Q049=\":443\"; ma=2592000,h3-Q048=\":443\"; ma=2592000,h3-Q046=\":443\"; ma=2592000,h3-Q043=\":443\"; ma=2592000,h3-T050=\":443\"; ma=2592000"}
[info] ✔  functions: functions folder uploaded successfully
[info] i  functions: updating Node.js 8 function onUserDelete(us-central1)...
[debug] [2020-04-23T13:37:07.155Z] Trigger is:  {"eventTrigger":{"resource":"projects/programming-passion","eventType":"providers/firebase.auth/eventTypes/user.delete","service":"firebaseauth.googleapis.com"}}
[info] 
The following functions are found in your project but do not exist in your local source code:
	onCreatePost(us-central1)

If you are renaming a function or changing its region, it is recommended that you create the new function first before deleting the old one to prevent event loss. For more info, visit https://firebase.google.com/docs/functions/manage-functions#modify

[info] i  functions: deleting function onCreatePost(us-central1)...
[debug] [2020-04-23T13:37:28.569Z] >>> HTTP REQUEST GET https://serviceusage.googleapis.com/v1/projects/programming-passion/services/cloudscheduler.googleapis.com  
 
[debug] [2020-04-23T13:37:29.561Z] <<< HTTP RESPONSE 200 {"content-type":"application/json; charset=UTF-8","vary":"X-Origin, Referer, Origin,Accept-Encoding","date":"Thu, 23 Apr 2020 13:37:27 GMT","server":"ESF","cache-control":"private","x-xss-protection":"0","x-frame-options":"SAMEORIGIN","x-content-type-options":"nosniff","alt-svc":"quic=\":443\"; ma=2592000; v=\"46,43\",h3-Q050=\":443\"; ma=2592000,h3-Q049=\":443\"; ma=2592000,h3-Q048=\":443\"; ma=2592000,h3-Q046=\":443\"; ma=2592000,h3-Q043=\":443\"; ma=2592000,h3-T050=\":443\"; ma=2592000","accept-ranges":"none","transfer-encoding":"chunked"}
[debug] [2020-04-23T13:37:29.563Z] >>> HTTP REQUEST PATCH https://cloudfunctions.googleapis.com/v1/projects/programming-passion/locations/us-central1/functions/onUserDelete {"updateMask":"sourceUploadUrl,name,labels,runtime,eventTrigger.resource,eventTrigger.eventType,eventTrigger.service"} 
 {"sourceUploadUrl":"https://storage.googleapis.com/gcf-upload-us-central1-9d1f1591-a7ad-4622-a531-85f54dcf29c8/5036954c-23b4-4adf-8048-be262299cc1d.zip?GoogleAccessId=service-30593414768@gcf-admin-robot.iam.gserviceaccount.com&Expires=1587650824&Signature=H2p959aXfFfqmaVyScY35YUa45NcTX8i8qbRWA6grNXoW%2FCddNazZDRYVua0xJ6ImrDnRMWZJHFivR7x0kD33LNzROGWH%2BIv7s%2B6IGk3pV%2B3pkpm2392gauxm5i3ghnFjU%2FRcwcQAuzNStUnaL%2Boi0xzmYgjRIPLrAZ2kArdJiiYyUKvbd%2FwxN7vObCk0ZYN7XZ7khZ1fXlUPW7RoOC6OF%2FzsolVNn8OQFzJcCBIOlQmgD5kVDbGVZgvxLZwCmrcRgzrq0Ojs1usYqkEPIJquv%2FA1jRz6FUWsue5XlbOiCJStB%2BR2yDZYWvCXX8PJzs%2BLP11FFqVnVsBNHDEC3MyZg%3D%3D","name":"projects/programming-passion/locations/us-central1/functions/onUserDelete","labels":{"deployment-tool":"cli-firebase"},"eventTrigger":{"resource":"projects/programming-passion","eventType":"providers/firebase.auth/eventTypes/user.delete","service":"firebaseauth.googleapis.com"},"runtime":"nodejs8"}
[debug] [2020-04-23T13:37:29.564Z] >>> HTTP REQUEST DELETE https://cloudfunctions.googleapis.com/v1/projects/programming-passion/locations/us-central1/functions/onCreatePost  
 
[debug] [2020-04-23T13:37:29.998Z] <<< HTTP RESPONSE 200 {"content-type":"application/json; charset=UTF-8","vary":"X-Origin, Referer, Origin,Accept-Encoding","date":"Thu, 23 Apr 2020 13:37:28 GMT","server":"ESF","cache-control":"private","x-xss-protection":"0","x-frame-options":"SAMEORIGIN","x-content-type-options":"nosniff","alt-svc":"quic=\":443\"; ma=2592000; v=\"46,43\",h3-Q050=\":443\"; ma=2592000,h3-Q049=\":443\"; ma=2592000,h3-Q048=\":443\"; ma=2592000,h3-Q046=\":443\"; ma=2592000,h3-Q043=\":443\"; ma=2592000,h3-T050=\":443\"; ma=2592000","accept-ranges":"none","transfer-encoding":"chunked"}
[debug] [2020-04-23T13:37:30.099Z] <<< HTTP RESPONSE 200 {"content-type":"application/json; charset=UTF-8","vary":"X-Origin, Referer, Origin,Accept-Encoding","date":"Thu, 23 Apr 2020 13:37:28 GMT","server":"ESF","cache-control":"private","x-xss-protection":"0","x-frame-options":"SAMEORIGIN","x-content-type-options":"nosniff","alt-svc":"quic=\":443\"; ma=2592000; v=\"46,43\",h3-Q050=\":443\"; ma=2592000,h3-Q049=\":443\"; ma=2592000,h3-Q048=\":443\"; ma=2592000,h3-Q046=\":443\"; ma=2592000,h3-Q043=\":443\"; ma=2592000,h3-T050=\":443\"; ma=2592000","accept-ranges":"none","transfer-encoding":"chunked"}
[debug] [2020-04-23T13:37:30.102Z] >>> HTTP REQUEST GET https://cloudfunctions.googleapis.com/v1/operations/cHJvZ3JhbW1pbmctcGFzc2lvbi91cy1jZW50cmFsMS9vblVzZXJEZWxldGUvTEJzMUVPTnpUNUU  
 
[debug] [2020-04-23T13:37:30.102Z] >>> HTTP REQUEST GET https://cloudfunctions.googleapis.com/v1/operations/cHJvZ3JhbW1pbmctcGFzc2lvbi91cy1jZW50cmFsMS9vbkNyZWF0ZVBvc3QvZDhDY1BQM2thSFE  
 
[debug] [2020-04-23T13:37:30.454Z] <<< HTTP RESPONSE 200 {"content-type":"application/json; charset=UTF-8","vary":"X-Origin, Referer, Origin,Accept-Encoding","date":"Thu, 23 Apr 2020 13:37:28 GMT","server":"ESF","cache-control":"private","x-xss-protection":"0","x-frame-options":"SAMEORIGIN","x-content-type-options":"nosniff","alt-svc":"quic=\":443\"; ma=2592000; v=\"46,43\",h3-Q050=\":443\"; ma=2592000,h3-Q049=\":443\"; ma=2592000,h3-Q048=\":443\"; ma=2592000,h3-Q046=\":443\"; ma=2592000,h3-Q043=\":443\"; ma=2592000,h3-T050=\":443\"; ma=2592000","accept-ranges":"none","transfer-encoding":"chunked"}
[debug] [2020-04-23T13:37:30.496Z] <<< HTTP RESPONSE 200 {"content-type":"application/json; charset=UTF-8","vary":"X-Origin, Referer, Origin,Accept-Encoding","date":"Thu, 23 Apr 2020 13:37:28 GMT","server":"ESF","cache-control":"private","x-xss-protection":"0","x-frame-options":"SAMEORIGIN","x-content-type-options":"nosniff","alt-svc":"quic=\":443\"; ma=2592000; v=\"46,43\",h3-Q050=\":443\"; ma=2592000,h3-Q049=\":443\"; ma=2592000,h3-Q048=\":443\"; ma=2592000,h3-Q046=\":443\"; ma=2592000,h3-Q043=\":443\"; ma=2592000,h3-T050=\":443\"; ma=2592000","accept-ranges":"none","transfer-encoding":"chunked"}
[debug] [2020-04-23T13:37:32.457Z] >>> HTTP REQUEST GET https://cloudfunctions.googleapis.com/v1/operations/cHJvZ3JhbW1pbmctcGFzc2lvbi91cy1jZW50cmFsMS9vbkNyZWF0ZVBvc3QvZDhDY1BQM2thSFE  
 
[debug] [2020-04-23T13:37:32.498Z] >>> HTTP REQUEST GET https://cloudfunctions.googleapis.com/v1/operations/cHJvZ3JhbW1pbmctcGFzc2lvbi91cy1jZW50cmFsMS9vblVzZXJEZWxldGUvTEJzMUVPTnpUNUU  
 
[debug] [2020-04-23T13:37:32.758Z] <<< HTTP RESPONSE 200 {"content-type":"application/json; charset=UTF-8","vary":"X-Origin, Referer, Origin,Accept-Encoding","date":"Thu, 23 Apr 2020 13:37:30 GMT","server":"ESF","cache-control":"private","x-xss-protection":"0","x-frame-options":"SAMEORIGIN","x-content-type-options":"nosniff","alt-svc":"quic=\":443\"; ma=2592000; v=\"46,43\",h3-Q050=\":443\"; ma=2592000,h3-Q049=\":443\"; ma=2592000,h3-Q048=\":443\"; ma=2592000,h3-Q046=\":443\"; ma=2592000,h3-Q043=\":443\"; ma=2592000,h3-T050=\":443\"; ma=2592000","accept-ranges":"none","transfer-encoding":"chunked"}
[info] ✔  functions[onCreatePost(us-central1)]: Successful delete operation. 
[debug] [2020-04-23T13:37:32.828Z] <<< HTTP RESPONSE 200 {"content-type":"application/json; charset=UTF-8","vary":"X-Origin, Referer, Origin,Accept-Encoding","date":"Thu, 23 Apr 2020 13:37:30 GMT","server":"ESF","cache-control":"private","x-xss-protection":"0","x-frame-options":"SAMEORIGIN","x-content-type-options":"nosniff","alt-svc":"quic=\":443\"; ma=2592000; v=\"46,43\",h3-Q050=\":443\"; ma=2592000,h3-Q049=\":443\"; ma=2592000,h3-Q048=\":443\"; ma=2592000,h3-Q046=\":443\"; ma=2592000,h3-Q043=\":443\"; ma=2592000,h3-T050=\":443\"; ma=2592000","accept-ranges":"none","transfer-encoding":"chunked"}
[debug] [2020-04-23T13:37:34.830Z] >>> HTTP REQUEST GET https://cloudfunctions.googleapis.com/v1/operations/cHJvZ3JhbW1pbmctcGFzc2lvbi91cy1jZW50cmFsMS9vblVzZXJEZWxldGUvTEJzMUVPTnpUNUU  
 
[debug] [2020-04-23T13:37:35.167Z] <<< HTTP RESPONSE 200 {"content-type":"application/json; charset=UTF-8","vary":"X-Origin, Referer, Origin,Accept-Encoding","date":"Thu, 23 Apr 2020 13:37:33 GMT","server":"ESF","cache-control":"private","x-xss-protection":"0","x-frame-options":"SAMEORIGIN","x-content-type-options":"nosniff","alt-svc":"quic=\":443\"; ma=2592000; v=\"46,43\",h3-Q050=\":443\"; ma=2592000,h3-Q049=\":443\"; ma=2592000,h3-Q048=\":443\"; ma=2592000,h3-Q046=\":443\"; ma=2592000,h3-Q043=\":443\"; ma=2592000,h3-T050=\":443\"; ma=2592000","accept-ranges":"none","transfer-encoding":"chunked"}
[debug] [2020-04-23T13:37:37.169Z] >>> HTTP REQUEST GET https://cloudfunctions.googleapis.com/v1/operations/cHJvZ3JhbW1pbmctcGFzc2lvbi91cy1jZW50cmFsMS9vblVzZXJEZWxldGUvTEJzMUVPTnpUNUU  
 
[debug] [2020-04-23T13:37:37.528Z] <<< HTTP RESPONSE 200 {"content-type":"application/json; charset=UTF-8","vary":"X-Origin, Referer, Origin,Accept-Encoding","date":"Thu, 23 Apr 2020 13:37:35 GMT","server":"ESF","cache-control":"private","x-xss-protection":"0","x-frame-options":"SAMEORIGIN","x-content-type-options":"nosniff","alt-svc":"quic=\":443\"; ma=2592000; v=\"46,43\",h3-Q050=\":443\"; ma=2592000,h3-Q049=\":443\"; ma=2592000,h3-Q048=\":443\"; ma=2592000,h3-Q046=\":443\"; ma=2592000,h3-Q043=\":443\"; ma=2592000,h3-T050=\":443\"; ma=2592000","accept-ranges":"none","transfer-encoding":"chunked"}
[debug] [2020-04-23T13:37:39.530Z] >>> HTTP REQUEST GET https://cloudfunctions.googleapis.com/v1/operations/cHJvZ3JhbW1pbmctcGFzc2lvbi91cy1jZW50cmFsMS9vblVzZXJEZWxldGUvTEJzMUVPTnpUNUU  
 
[debug] [2020-04-23T13:37:39.858Z] <<< HTTP RESPONSE 200 {"content-type":"application/json; charset=UTF-8","vary":"X-Origin, Referer, Origin,Accept-Encoding","date":"Thu, 23 Apr 2020 13:37:37 GMT","server":"ESF","cache-control":"private","x-xss-protection":"0","x-frame-options":"SAMEORIGIN","x-content-type-options":"nosniff","alt-svc":"quic=\":443\"; ma=2592000; v=\"46,43\",h3-Q050=\":443\"; ma=2592000,h3-Q049=\":443\"; ma=2592000,h3-Q048=\":443\"; ma=2592000,h3-Q046=\":443\"; ma=2592000,h3-Q043=\":443\"; ma=2592000,h3-T050=\":443\"; ma=2592000","accept-ranges":"none","transfer-encoding":"chunked"}
[debug] [2020-04-23T13:37:41.859Z] >>> HTTP REQUEST GET https://cloudfunctions.googleapis.com/v1/operations/cHJvZ3JhbW1pbmctcGFzc2lvbi91cy1jZW50cmFsMS9vblVzZXJEZWxldGUvTEJzMUVPTnpUNUU  
 
[debug] [2020-04-23T13:37:42.201Z] <<< HTTP RESPONSE 200 {"content-type":"application/json; charset=UTF-8","vary":"X-Origin, Referer, Origin,Accept-Encoding","date":"Thu, 23 Apr 2020 13:37:40 GMT","server":"ESF","cache-control":"private","x-xss-protection":"0","x-frame-options":"SAMEORIGIN","x-content-type-options":"nosniff","alt-svc":"quic=\":443\"; ma=2592000; v=\"46,43\",h3-Q050=\":443\"; ma=2592000,h3-Q049=\":443\"; ma=2592000,h3-Q048=\":443\"; ma=2592000,h3-Q046=\":443\"; ma=2592000,h3-Q043=\":443\"; ma=2592000,h3-T050=\":443\"; ma=2592000","accept-ranges":"none","transfer-encoding":"chunked"}
[debug] [2020-04-23T13:37:44.202Z] >>> HTTP REQUEST GET https://cloudfunctions.googleapis.com/v1/operations/cHJvZ3JhbW1pbmctcGFzc2lvbi91cy1jZW50cmFsMS9vblVzZXJEZWxldGUvTEJzMUVPTnpUNUU  
 
[debug] [2020-04-23T13:37:44.533Z] <<< HTTP RESPONSE 200 {"content-type":"application/json; charset=UTF-8","vary":"X-Origin, Referer, Origin,Accept-Encoding","date":"Thu, 23 Apr 2020 13:37:42 GMT","server":"ESF","cache-control":"private","x-xss-protection":"0","x-frame-options":"SAMEORIGIN","x-content-type-options":"nosniff","alt-svc":"quic=\":443\"; ma=2592000; v=\"46,43\",h3-Q050=\":443\"; ma=2592000,h3-Q049=\":443\"; ma=2592000,h3-Q048=\":443\"; ma=2592000,h3-Q046=\":443\"; ma=2592000,h3-Q043=\":443\"; ma=2592000,h3-T050=\":443\"; ma=2592000","accept-ranges":"none","transfer-encoding":"chunked"}
[debug] [2020-04-23T13:37:46.538Z] >>> HTTP REQUEST GET https://cloudfunctions.googleapis.com/v1/operations/cHJvZ3JhbW1pbmctcGFzc2lvbi91cy1jZW50cmFsMS9vblVzZXJEZWxldGUvTEJzMUVPTnpUNUU  
 
[debug] [2020-04-23T13:37:46.865Z] <<< HTTP RESPONSE 200 {"content-type":"application/json; charset=UTF-8","vary":"X-Origin, Referer, Origin,Accept-Encoding","date":"Thu, 23 Apr 2020 13:37:44 GMT","server":"ESF","cache-control":"private","x-xss-protection":"0","x-frame-options":"SAMEORIGIN","x-content-type-options":"nosniff","alt-svc":"quic=\":443\"; ma=2592000; v=\"46,43\",h3-Q050=\":443\"; ma=2592000,h3-Q049=\":443\"; ma=2592000,h3-Q048=\":443\"; ma=2592000,h3-Q046=\":443\"; ma=2592000,h3-Q043=\":443\"; ma=2592000,h3-T050=\":443\"; ma=2592000","accept-ranges":"none","transfer-encoding":"chunked"}
[debug] [2020-04-23T13:37:48.867Z] >>> HTTP REQUEST GET https://cloudfunctions.googleapis.com/v1/operations/cHJvZ3JhbW1pbmctcGFzc2lvbi91cy1jZW50cmFsMS9vblVzZXJEZWxldGUvTEJzMUVPTnpUNUU  
 
[debug] [2020-04-23T13:37:49.221Z] <<< HTTP RESPONSE 200 {"content-type":"application/json; charset=UTF-8","vary":"X-Origin, Referer, Origin,Accept-Encoding","date":"Thu, 23 Apr 2020 13:37:47 GMT","server":"ESF","cache-control":"private","x-xss-protection":"0","x-frame-options":"SAMEORIGIN","x-content-type-options":"nosniff","alt-svc":"quic=\":443\"; ma=2592000; v=\"46,43\",h3-Q050=\":443\"; ma=2592000,h3-Q049=\":443\"; ma=2592000,h3-Q048=\":443\"; ma=2592000,h3-Q046=\":443\"; ma=2592000,h3-Q043=\":443\"; ma=2592000,h3-T050=\":443\"; ma=2592000","accept-ranges":"none","transfer-encoding":"chunked"}
[debug] [2020-04-23T13:37:51.222Z] >>> HTTP REQUEST GET https://cloudfunctions.googleapis.com/v1/operations/cHJvZ3JhbW1pbmctcGFzc2lvbi91cy1jZW50cmFsMS9vblVzZXJEZWxldGUvTEJzMUVPTnpUNUU  
 
[debug] [2020-04-23T13:37:51.568Z] <<< HTTP RESPONSE 200 {"content-type":"application/json; charset=UTF-8","vary":"X-Origin, Referer, Origin,Accept-Encoding","date":"Thu, 23 Apr 2020 13:37:49 GMT","server":"ESF","cache-control":"private","x-xss-protection":"0","x-frame-options":"SAMEORIGIN","x-content-type-options":"nosniff","alt-svc":"quic=\":443\"; ma=2592000; v=\"46,43\",h3-Q050=\":443\"; ma=2592000,h3-Q049=\":443\"; ma=2592000,h3-Q048=\":443\"; ma=2592000,h3-Q046=\":443\"; ma=2592000,h3-Q043=\":443\"; ma=2592000,h3-T050=\":443\"; ma=2592000","accept-ranges":"none","transfer-encoding":"chunked"}
[debug] [2020-04-23T13:37:53.570Z] >>> HTTP REQUEST GET https://cloudfunctions.googleapis.com/v1/operations/cHJvZ3JhbW1pbmctcGFzc2lvbi91cy1jZW50cmFsMS9vblVzZXJEZWxldGUvTEJzMUVPTnpUNUU  
 
